<?xml version="1.0" encoding="UTF-8"?>
<coverage generated="1740299611047" clover="3.2.0">
  <project timestamp="1740299611047" name="All files">
    <metrics statements="15" coveredstatements="15" conditionals="4" coveredconditionals="4" methods="12" coveredmethods="12" elements="31" coveredelements="31" complexity="0" loc="15" ncloc="15" packages="3" files="4" classes="4"/>
    <package name="src">
      <metrics statements="8" coveredstatements="8" conditionals="2" coveredconditionals="2" methods="7" coveredmethods="7"/>
      <file name="App.tsx" path="/Users/thuchitran/Desktop/side_hustles/substack/source_code/react-essentials-01/with_testing/src/App.tsx">
        <metrics statements="8" coveredstatements="8" conditionals="2" coveredconditionals="2" methods="7" coveredmethods="7"/>
        <line num="9" count="6" type="stmt"/>
        <line num="11" count="4" type="stmt"/>
        <line num="14" count="6" type="stmt"/>
        <line num="22" count="24" type="stmt"/>
        <line num="38" count="1" type="stmt"/>
        <line num="44" count="1" type="stmt"/>
        <line num="50" count="1" type="stmt"/>
        <line num="56" count="1" type="stmt"/>
      </file>
    </package>
    <package name="src.components">
      <metrics statements="3" coveredstatements="3" conditionals="2" coveredconditionals="2" methods="3" coveredmethods="3"/>
      <file name="CoreConcept.tsx" path="/Users/thuchitran/Desktop/side_hustles/substack/source_code/react-essentials-01/with_testing/src/components/CoreConcept.tsx">
        <metrics statements="1" coveredstatements="1" conditionals="0" coveredconditionals="0" methods="1" coveredmethods="1"/>
        <line num="8" count="25" type="stmt"/>
      </file>
      <file name="TabButton.tsx" path="/Users/thuchitran/Desktop/side_hustles/substack/source_code/react-essentials-01/with_testing/src/components/TabButton.tsx">
        <metrics statements="2" coveredstatements="2" conditionals="2" coveredconditionals="2" methods="2" coveredmethods="2"/>
        <line num="10" count="5" type="stmt"/>
        <line num="13" count="25" type="stmt"/>
      </file>
    </package>
    <package name="src.components.Header">
      <metrics statements="4" coveredstatements="4" conditionals="0" coveredconditionals="0" methods="2" coveredmethods="2"/>
      <file name="Header.tsx" path="/Users/thuchitran/Desktop/side_hustles/substack/source_code/react-essentials-01/with_testing/src/components/Header/Header.tsx">
        <metrics statements="4" coveredstatements="4" conditionals="0" coveredconditionals="0" methods="2" coveredmethods="2"/>
        <line num="4" count="2" type="stmt"/>
        <line num="7" count="7" type="stmt"/>
        <line num="11" count="7" type="stmt"/>
        <line num="12" count="7" type="stmt"/>
      </file>
    </package>
  </project>
</coverage>
