{"/Users/thuchitran/Desktop/side_hustles/substack/source_code/react-essentials-01/with_testing/src/App.tsx": {"path":"/Users/thuchitran/Desktop/side_hustles/substack/source_code/react-essentials-01/with_testing/src/App.tsx","statementMap":{"0":{"start":{"line":9,"column":44},"end":{"line":9,"column":62}},"1":{"start":{"line":11,"column":4},"end":{"line":11,"column":37}},"2":{"start":{"line":14,"column":2},"end":{"line":75,"column":4}},"3":{"start":{"line":22,"column":14},"end":{"line":29,"column":16}},"4":{"start":{"line":38,"column":30},"end":{"line":38,"column":56}},"5":{"start":{"line":44,"column":30},"end":{"line":44,"column":49}},"6":{"start":{"line":50,"column":30},"end":{"line":50,"column":51}},"7":{"start":{"line":56,"column":30},"end":{"line":56,"column":51}}},"fnMap":{"0":{"name":"App","decl":{"start":{"line":8,"column":9},"end":{"line":8,"column":12}},"loc":{"start":{"line":8,"column":15},"end":{"line":76,"column":1}},"line":8},"1":{"name":"handleSelect","decl":{"start":{"line":10,"column":11},"end":{"line":10,"column":23}},"loc":{"start":{"line":10,"column":48},"end":{"line":12,"column":3}},"line":10},"2":{"name":"(anonymous_2)","decl":{"start":{"line":21,"column":31},"end":{"line":21,"column":32}},"loc":{"start":{"line":21,"column":68},"end":{"line":30,"column":13}},"line":21},"3":{"name":"(anonymous_3)","decl":{"start":{"line":38,"column":24},"end":{"line":38,"column":25}},"loc":{"start":{"line":38,"column":30},"end":{"line":38,"column":56}},"line":38},"4":{"name":"(anonymous_4)","decl":{"start":{"line":44,"column":24},"end":{"line":44,"column":25}},"loc":{"start":{"line":44,"column":30},"end":{"line":44,"column":49}},"line":44},"5":{"name":"(anonymous_5)","decl":{"start":{"line":50,"column":24},"end":{"line":50,"column":25}},"loc":{"start":{"line":50,"column":30},"end":{"line":50,"column":51}},"line":50},"6":{"name":"(anonymous_6)","decl":{"start":{"line":56,"column":24},"end":{"line":56,"column":25}},"loc":{"start":{"line":56,"column":30},"end":{"line":56,"column":51}},"line":56}},"branchMap":{"0":{"loc":{"start":{"line":61,"column":11},"end":{"line":71,"column":11}},"type":"cond-expr","locations":[{"start":{"line":62,"column":12},"end":{"line":62,"column":41}},{"start":{"line":64,"column":12},"end":{"line":70,"column":18}}],"line":61}},"s":{"0":6,"1":4,"2":6,"3":24,"4":1,"5":1,"6":1,"7":1},"f":{"0":6,"1":4,"2":24,"3":1,"4":1,"5":1,"6":1},"b":{"0":[2,4]},"_coverageSchema":"1a1c01bbd47fc00a2c39e90264f33305004495a9","hash":"3e3d078630cee9b7217c3317a93b4bf2bb716307"}
,"/Users/thuchitran/Desktop/side_hustles/substack/source_code/react-essentials-01/with_testing/src/components/CoreConcept.tsx": {"path":"/Users/thuchitran/Desktop/side_hustles/substack/source_code/react-essentials-01/with_testing/src/components/CoreConcept.tsx","statementMap":{"0":{"start":{"line":8,"column":2},"end":{"line":14,"column":4}}},"fnMap":{"0":{"name":"CoreConcept","decl":{"start":{"line":7,"column":9},"end":{"line":7,"column":20}},"loc":{"start":{"line":7,"column":70},"end":{"line":15,"column":1}},"line":7}},"branchMap":{},"s":{"0":25},"f":{"0":25},"b":{},"_coverageSchema":"1a1c01bbd47fc00a2c39e90264f33305004495a9","hash":"a21eebbb73f1a277392cf4c5f8d425349703d243"}
,"/Users/thuchitran/Desktop/side_hustles/substack/source_code/react-essentials-01/with_testing/src/components/TabButton.tsx": {"path":"/Users/thuchitran/Desktop/side_hustles/substack/source_code/react-essentials-01/with_testing/src/components/TabButton.tsx","statementMap":{"0":{"start":{"line":10,"column":4},"end":{"line":10,"column":15}},"1":{"start":{"line":13,"column":2},"end":{"line":19,"column":4}}},"fnMap":{"0":{"name":"TabButton","decl":{"start":{"line":8,"column":9},"end":{"line":8,"column":18}},"loc":{"start":{"line":8,"column":71},"end":{"line":20,"column":1}},"line":8},"1":{"name":"handleClick","decl":{"start":{"line":9,"column":11},"end":{"line":9,"column":22}},"loc":{"start":{"line":9,"column":25},"end":{"line":11,"column":3}},"line":9}},"branchMap":{"0":{"loc":{"start":{"line":15,"column":25},"end":{"line":15,"column":51}},"type":"cond-expr","locations":[{"start":{"line":15,"column":38},"end":{"line":15,"column":46}},{"start":{"line":15,"column":49},"end":{"line":15,"column":51}}],"line":15}},"s":{"0":5,"1":25},"f":{"0":25,"1":5},"b":{"0":[4,21]},"_coverageSchema":"1a1c01bbd47fc00a2c39e90264f33305004495a9","hash":"6b0f60344f73fd692cfc867fbc73cd01cc16454c"}
,"/Users/thuchitran/Desktop/side_hustles/substack/source_code/react-essentials-01/with_testing/src/components/Header/Header.tsx": {"path":"/Users/thuchitran/Desktop/side_hustles/substack/source_code/react-essentials-01/with_testing/src/components/Header/Header.tsx","statementMap":{"0":{"start":{"line":4,"column":26},"end":{"line":4,"column":60}},"1":{"start":{"line":7,"column":2},"end":{"line":7,"column":47}},"2":{"start":{"line":11,"column":22},"end":{"line":11,"column":56}},"3":{"start":{"line":12,"column":2},"end":{"line":21,"column":4}}},"fnMap":{"0":{"name":"genRandomInt","decl":{"start":{"line":6,"column":9},"end":{"line":6,"column":21}},"loc":{"start":{"line":6,"column":35},"end":{"line":8,"column":1}},"line":6},"1":{"name":"Header","decl":{"start":{"line":10,"column":9},"end":{"line":10,"column":15}},"loc":{"start":{"line":10,"column":18},"end":{"line":22,"column":1}},"line":10}},"branchMap":{},"s":{"0":2,"1":7,"2":7,"3":7},"f":{"0":7,"1":7},"b":{},"_coverageSchema":"1a1c01bbd47fc00a2c39e90264f33305004495a9","hash":"bc45a11a972ea76b654f9350c0e0096b1fdab90d"}
}
