TN:
SF:src/App.tsx
FN:8,App
FN:10,handleSelect
FN:21,(anonymous_2)
FN:38,(anonymous_3)
FN:44,(anonymous_4)
FN:50,(anonymous_5)
FN:56,(anonymous_6)
FNF:7
FNH:7
FNDA:6,App
FNDA:4,handleSelect
FNDA:24,(anonymous_2)
FNDA:1,(anonymous_3)
FNDA:1,(anonymous_4)
FNDA:1,(anonymous_5)
FNDA:1,(anonymous_6)
DA:9,6
DA:11,4
DA:14,6
DA:22,24
DA:38,1
DA:44,1
DA:50,1
DA:56,1
LF:8
LH:8
BRDA:61,0,0,2
BRDA:61,0,1,4
BRF:2
BRH:2
end_of_record
TN:
SF:src/components/CoreConcept.tsx
FN:7,CoreConcept
FNF:1
FNH:1
FNDA:25,CoreConcept
DA:8,25
LF:1
LH:1
BRF:0
BRH:0
end_of_record
TN:
SF:src/components/TabButton.tsx
FN:8,TabButton
FN:9,handleClick
FNF:2
FNH:2
FNDA:25,TabButton
FNDA:5,handleClick
DA:10,5
DA:13,25
LF:2
LH:2
BRDA:15,0,0,4
BRDA:15,0,1,21
BRF:2
BRH:2
end_of_record
TN:
SF:src/components/Header/Header.tsx
FN:6,genRandomInt
FN:10,Header
FNF:2
FNH:2
FNDA:7,genRandomInt
FNDA:7,Header
DA:4,2
DA:7,7
DA:11,7
DA:12,7
LF:4
LH:4
BRF:0
BRH:0
end_of_record
